<?xml version="1.0" encoding="UTF-8"?>
<!-- Generated by org.testng.reporters.JUnitReportReporter -->
<testsuite hostname="CCCNYC02UXA.fios-router.home" name="TriggerAds" tests="1" failures="0" timestamp="3 Sep 2019 08:16:09 GMT" time="0.176" errors="0">
  <testcase name="trigger" time="0.176" classname="TriggerAds"/>
</testsuite> <!-- TriggerAds -->
