<?xml version="1.0" encoding="UTF-8"?>
<!-- Generated by org.testng.reporters.JUnitReportReporter -->
<testsuite hostname="CCCNYC02UXA.fios-router.home" name="BannerAds" tests="1" failures="0" timestamp="26 Aug 2019 08:48:38 GMT" time="0.145" errors="0">
  <testcase name="banner" time="0.145" classname="BannerAds"/>
</testsuite> <!-- BannerAds -->
