<?xml version="1.0" encoding="UTF-8"?>
<!-- Generated by org.testng.reporters.JUnitReportReporter -->
<testsuite hostname="CCCNYC02UXA.fios-router.home" name="SplashAds" tests="1" failures="0" timestamp="3 Sep 2019 09:03:19 GMT" time="0.135" errors="0">
  <testcase name="splash" time="0.135" classname="SplashAds"/>
</testsuite> <!-- SplashAds -->
