<?xml version="1.0" encoding="UTF-8"?>
<!-- Generated by org.testng.reporters.JUnitReportReporter -->
<testsuite hostname="CCCNYC02UXA.fios-router.home" name="PrerollTest" tests="1" failures="0" timestamp="26 Aug 2019 08:29:39 GMT" time="0.158" errors="0">
  <testcase name="preroll" time="0.158" classname="PrerollTest"/>
</testsuite> <!-- PrerollTest -->
