<?xml version="1.0" encoding="UTF-8"?>
<!-- Generated by org.testng.reporters.JUnitReportReporter -->
<testsuite hostname="CCCNYC02UXA.fios-router.home" name="PrerollAds" tests="1" failures="0" timestamp="26 Aug 2019 08:44:30 GMT" time="0.137" errors="0">
  <testcase name="preroll" time="0.137" classname="PrerollAds"/>
</testsuite> <!-- PrerollAds -->
