<?xml version="1.0" encoding="UTF-8"?>
<!-- Generated by org.testng.reporters.JUnitReportReporter -->
<testsuite hostname="home-printer.local" name="Ads.BannerAds" tests="1" failures="0" timestamp="16 Oct 2019 18:06:59 GMT" time="0.115" errors="0">
  <testcase name="banner" time="0.115" classname="Ads.BannerAds"/>
</testsuite> <!-- Ads.BannerAds -->
